Using pre-set license
Built from '2020.3/staging' branch; Version is '2020.3.22f1 (e1a7f79fd887) revision 14788599'; Using compiler version '192528614'; Build Type 'Release'
OS: 'Windows 10 Pro; OS build 19043.1348; Version 2009; 64bit' Language: 'pl' Physical Memory: 8057 MB
BatchMode: 1, IsHumanControllingUs: 0, StartBugReporterOnCrash: 0, Is64bit: 1, IsPro: 0

COMMAND LINE ARGUMENTS:
C:\Program Files\Unity\Hub\Editor\2020.3.22f1\Editor\Unity.exe
-adb2
-batchMode
-noUpm
-name
AssetImportWorker1
-projectPath
H:/jghf/1 jghf/Szkoła/Szkoła średnia/2021-2022/Coding Night/Magic Tournament
-logFile
Logs/AssetImportWorker1.log
-srvPort
57529
Successfully changed project path to: H:/jghf/1 jghf/Szkoła/Szkoła średnia/2021-2022/Coding Night/Magic Tournament
H:/jghf/1 jghf/Szkoła/Szkoła średnia/2021-2022/Coding Night/Magic Tournament
Using Asset Import Pipeline V2.
Refreshing native plugins compatible for Editor in 60.71 ms, found 5 plugins.
Preloading 0 native plugins for Editor in 0.00 ms.
Initialize engine version: 2020.3.22f1 (e1a7f79fd887)
[Subsystems] Discovering subsystems at path C:/Program Files/Unity/Hub/Editor/2020.3.22f1/Editor/Data/Resources/UnitySubsystems
[Subsystems] Discovering subsystems at path H:/jghf/1 jghf/Szkoła/Szkoła średnia/2021-2022/Coding Night/Magic Tournament/Assets
GfxDevice: creating device client; threaded=0
Direct3D:
    Version:  Direct3D 11.0 [level 11.1]
    Renderer: Radeon (TM) 520 (ID=0x6665)
    Vendor:   
    VRAM:     2039 MB
    Driver:   23.20.768.0
Initialize mono
Mono path[0] = 'C:/Program Files/Unity/Hub/Editor/2020.3.22f1/Editor/Data/Managed'
Mono path[1] = 'C:/Program Files/Unity/Hub/Editor/2020.3.22f1/Editor/Data/MonoBleedingEdge/lib/mono/unityjit'
Mono config path = 'C:/Program Files/Unity/Hub/Editor/2020.3.22f1/Editor/Data/MonoBleedingEdge/etc'
Using monoOptions --debugger-agent=transport=dt_socket,embedding=1,server=y,suspend=n,address=127.0.0.1:56828
Begin MonoManager ReloadAssembly
Registering precompiled unity dll's ...
Register platform support module: C:/Program Files/Unity/Hub/Editor/2020.3.22f1/Editor/Data/PlaybackEngines/WindowsStandaloneSupport/UnityEditor.WindowsStandalone.Extensions.dll
Registered in 0.002686 seconds.
Native extension for WindowsStandalone target not found
Refreshing native plugins compatible for Editor in 56.34 ms, found 5 plugins.
Preloading 0 native plugins for Editor in 0.00 ms.
Mono: successfully reloaded assembly
- Completed reload, in  1.339 seconds
Domain Reload Profiling:
	ReloadAssembly (1339ms)
		BeginReloadAssembly (70ms)
			ExecutionOrderSort (0ms)
			DisableScriptedObjects (0ms)
			BackupInstance (0ms)
			ReleaseScriptingObjects (0ms)
			CreateAndSetChildDomain (1ms)
		EndReloadAssembly (546ms)
			LoadAssemblies (67ms)
			RebuildTransferFunctionScriptingTraits (0ms)
			SetupTypeCache (185ms)
			ReleaseScriptCaches (0ms)
			RebuildScriptCaches (35ms)
			SetupLoadedEditorAssemblies (202ms)
				LogAssemblyErrors (0ms)
				InitializePlatformSupportModulesInManaged (5ms)
				SetLoadedEditorAssemblies (1ms)
				RefreshPlugins (57ms)
				BeforeProcessingInitializeOnLoad (18ms)
				ProcessInitializeOnLoadAttributes (89ms)
				ProcessInitializeOnLoadMethodAttributes (32ms)
				AfterProcessingInitializeOnLoad (0ms)
				EditorAssembliesLoaded (0ms)
			ExecutionOrderSort2 (0ms)
			AwakeInstancesAfterBackupRestoration (0ms)
Platform modules already initialized, skipping
Registering precompiled user dll's ...
Registered in 0.014054 seconds.
Begin MonoManager ReloadAssembly
Native extension for WindowsStandalone target not found
Refreshing native plugins compatible for Editor in 52.82 ms, found 5 plugins.
Preloading 0 native plugins for Editor in 0.00 ms.
Mono: successfully reloaded assembly
- Completed reload, in  1.455 seconds
Domain Reload Profiling:
	ReloadAssembly (1498ms)
		BeginReloadAssembly (194ms)
			ExecutionOrderSort (0ms)
			DisableScriptedObjects (8ms)
			BackupInstance (0ms)
			ReleaseScriptingObjects (0ms)
			CreateAndSetChildDomain (20ms)
		EndReloadAssembly (1235ms)
			LoadAssemblies (126ms)
			RebuildTransferFunctionScriptingTraits (0ms)
			SetupTypeCache (400ms)
			ReleaseScriptCaches (1ms)
			RebuildScriptCaches (60ms)
			SetupLoadedEditorAssemblies (468ms)
				LogAssemblyErrors (0ms)
				InitializePlatformSupportModulesInManaged (4ms)
				SetLoadedEditorAssemblies (0ms)
				RefreshPlugins (53ms)
				BeforeProcessingInitializeOnLoad (109ms)
				ProcessInitializeOnLoadAttributes (263ms)
				ProcessInitializeOnLoadMethodAttributes (29ms)
				AfterProcessingInitializeOnLoad (9ms)
				EditorAssembliesLoaded (0ms)
			ExecutionOrderSort2 (0ms)
			AwakeInstancesAfterBackupRestoration (7ms)
Platform modules already initialized, skipping
========================================================================
Worker process is ready to serve import requests
Launched and connected shader compiler UnityShaderCompiler.exe after 0.06 seconds
Refreshing native plugins compatible for Editor in 0.75 ms, found 5 plugins.
Preloading 0 native plugins for Editor in 0.00 ms.
Unloading 2504 Unused Serialized files (Serialized files now loaded: 0)
System memory in use before: 106.7 MB.
System memory in use after: 106.9 MB.

Unloading 50 unused Assets to reduce memory usage. Loaded Objects now: 2960.
Total: 4.033400 ms (FindLiveObjects: 0.307900 ms CreateObjectMapping: 0.115700 ms MarkObjects: 3.525200 ms  DeleteObjects: 0.083200 ms)

AssetImportParameters requested are different than current active one (requested -> active):
  custom:framework-win-MediaFoundation: 216162199b28c13a410421893ffa2e32 -> 
  custom:video-decoder-ogg-theora: a1e56fd34408186e4bbccfd4996cb3dc -> 
  custom:container-muxer-webm: aa71ff27fc2769a1b78a27578f13a17b -> 
  custom:container-demuxer-webm: 4f35f7cbe854078d1ac9338744f61a02 -> 
  custom:container-demuxer-ogg: 62fdf1f143b41e24485cea50d1cbac27 -> 
  custom:video-encoder-webm-vp8: eb34c28f22e8b96e1ab97ce403110664 -> 
  custom:video-codec-MediaFoundation-h265: 746d11721c4dcdbdad8f713fa42b33f4 -> 
  custom:video-decoder-webm-vp8: 9c59270c3fd7afecdb556c50c9e8de78 -> 
  custom:audio-decoder-ogg-vorbis: bf7c407c2cedff20999df2af8eb42d56 -> 
  custom:audio-encoder-webm-vorbis: bf7c407c2cedff20999df2af8eb42d56 -> 
========================================================================
Received Import Request.
  path: Assets/Scripts/KManager.cs
  artifactKey: Guid(2a9c10366d1987f47a25e13ee7f914fd) Importer(815301076,1909f56bfc062723c751e8b465ee728b)
Start importing Assets/Scripts/KManager.cs using Guid(2a9c10366d1987f47a25e13ee7f914fd) Importer(815301076,1909f56bfc062723c751e8b465ee728b)  -> (artifact id: '264575d0067aa1ce7f55e27cad755918') in 0.150259 seconds 
  Import took 0.189231 seconds .

========================================================================
Received Import Request.
  Time since last request: 3.969301 seconds.
  path: Assets/Scripts/KManager.cs
  artifactKey: Guid(2a9c10366d1987f47a25e13ee7f914fd) Importer(815301076,1909f56bfc062723c751e8b465ee728b)
Start importing Assets/Scripts/KManager.cs using Guid(2a9c10366d1987f47a25e13ee7f914fd) Importer(815301076,1909f56bfc062723c751e8b465ee728b)  -> (artifact id: '00000000000000000000000000000000') in 0.000568 seconds  code(4) message(Build asset version error: assets/scripts/kmanager.cs in SourceAssetDB has modification time of '2021-12-13T19:29:02.4734233Z' while content on disk has modification time of '2021-12-13T19:29:02.6430391Z')
  ERROR: Build asset version error: assets/scripts/kmanager.cs in SourceAssetDB has modification time of '2021-12-13T19:29:02.4734233Z' while content on disk has modification time of '2021-12-13T19:29:02.6430391Z'
  Import took 0.007946 seconds .

========================================================================
Received Import Request.
  Time since last request: 38.124418 seconds.
  path: Assets/Scripts/KManager.cs
  artifactKey: Guid(2a9c10366d1987f47a25e13ee7f914fd) Importer(815301076,1909f56bfc062723c751e8b465ee728b)
Start importing Assets/Scripts/KManager.cs using Guid(2a9c10366d1987f47a25e13ee7f914fd) Importer(815301076,1909f56bfc062723c751e8b465ee728b)  -> (artifact id: '00000000000000000000000000000000') in 0.000404 seconds  code(4) message(Build asset version error: assets/scripts/kmanager.cs in SourceAssetDB has modification time of '2021-12-13T19:29:40.5857887Z' while content on disk has modification time of '2021-12-13T19:29:40.7564553Z')
  ERROR: Build asset version error: assets/scripts/kmanager.cs in SourceAssetDB has modification time of '2021-12-13T19:29:40.5857887Z' while content on disk has modification time of '2021-12-13T19:29:40.7564553Z'
  Import took 0.004676 seconds .

========================================================================
Received Import Request.
  Time since last request: 4.544907 seconds.
  path: Assets/Scripts/KManager.cs
  artifactKey: Guid(2a9c10366d1987f47a25e13ee7f914fd) Importer(815301076,1909f56bfc062723c751e8b465ee728b)
Start importing Assets/Scripts/KManager.cs using Guid(2a9c10366d1987f47a25e13ee7f914fd) Importer(815301076,1909f56bfc062723c751e8b465ee728b)  -> (artifact id: 'd658119d11110bc6e253b52c70160fee') in 0.006379 seconds 
  Import took 0.026185 seconds .

========================================================================
Received Import Request.
  Time since last request: 4.980799 seconds.
  path: Assets/Scripts/KManager.cs
  artifactKey: Guid(2a9c10366d1987f47a25e13ee7f914fd) Importer(815301076,1909f56bfc062723c751e8b465ee728b)
Start importing Assets/Scripts/KManager.cs using Guid(2a9c10366d1987f47a25e13ee7f914fd) Importer(815301076,1909f56bfc062723c751e8b465ee728b)  -> (artifact id: '3d1aecec80007c5343854a3befbfb7c4') in 0.004169 seconds 
  Import took 0.031110 seconds .

========================================================================
Received Import Request.
  Time since last request: 1.036806 seconds.
  path: Assets/Scripts/KManager.cs
  artifactKey: Guid(2a9c10366d1987f47a25e13ee7f914fd) Importer(815301076,1909f56bfc062723c751e8b465ee728b)
Start importing Assets/Scripts/KManager.cs using Guid(2a9c10366d1987f47a25e13ee7f914fd) Importer(815301076,1909f56bfc062723c751e8b465ee728b)  -> (artifact id: '388ae585a8142b6848cc86229ae7ccde') in 0.004095 seconds 
  Import took 0.031045 seconds .

AssetImportWorkerClient::OnTransportError - code=2 error=End of file
